<?xml version="1.0" encoding="UTF-8"?>
<!-- Generated by org.testng.reporters.JUnitXMLReporter -->
<testsuite hostname="BDC4-L-8Y4DZM2" ignored="0" name="Test2" tests="3" failures="0" timestamp="2019-10-23T12:15:42 IST" time="31.971" errors="0">
  <testcase name="testLoginUsers" time="10.631" classname="seleniumplus.Test5"/>
  <testcase name="testLoginUsers" time="3.645" classname="seleniumplus.Test5"/>
  <testcase name="testLoginUsers" time="3.337" classname="seleniumplus.Test5"/>
</testsuite> <!-- Test2 -->
