<?xml version="1.0" encoding="UTF-8"?>
<!-- Generated by org.testng.reporters.JUnitXMLReporter -->
<testsuite hostname="BDC4-L-8Y4DZM2" ignored="0" name="Test3" tests="3" failures="0" timestamp="2019-10-23T12:13:40 IST" time="20.382" errors="0">
  <testcase name="testLoginUsers" time="4.818" classname="seleniumplus.Test5"/>
  <testcase name="testLoginUsers" time="2.777" classname="seleniumplus.Test5"/>
  <testcase name="testLoginUsers" time="2.629" classname="seleniumplus.Test5"/>
</testsuite> <!-- Test3 -->
