<?xml version="1.0" encoding="UTF-8"?>
<!-- Generated by org.testng.reporters.JUnitXMLReporter -->
<testsuite hostname="BDC4-L-8Y4DZM2" ignored="0" name="Test1" tests="8" failures="0" timestamp="2019-10-23T12:15:32 IST" time="21.672" errors="0">
  <testcase name="testLoginUsers" time="4.568" classname="seleniumplus.Test5"/>
  <testcase name="testLoginUsers" time="5.643" classname="seleniumplus.Test5"/>
  <testcase name="testLoginUsers" time="4.529" classname="seleniumplus.Test5"/>
  <testcase name="testLoginUsers" time="3.179" classname="seleniumplus.Test5"/>
  <testcase name="testLoginUsers" time="2.805" classname="seleniumplus.Test5"/>
  <testcase name="testLoginUsers" time="3.021" classname="seleniumplus.Test5"/>
  <testcase name="testLoginUsers" time="3.249" classname="seleniumplus.Test5"/>
  <testcase name="testLoginUsers" time="2.866" classname="seleniumplus.Test5"/>
</testsuite> <!-- Test1 -->
